<?xml version="1.0" encoding="UTF-8"?>
<!-- Generated by org.testng.reporters.JUnitReportReporter -->
<testsuite hostname="DESKTOP-C4EHALN" failures="0" tests="1" name="testNg_Programs.FirstTestngProgram2" time="7.959" errors="0" timestamp="2024-07-19T17:38:19 IST" skipped="0">
  <testcase classname="testNg_Programs.FirstTestngProgram2" name="tcsetup" time="7.959"/>
</testsuite> <!-- testNg_Programs.FirstTestngProgram2 -->
