<?xml version="1.0" encoding="UTF-8"?>
<!-- Generated by org.testng.reporters.JUnitReportReporter -->
<testsuite hostname="DESKTOP-C4EHALN" failures="0" tests="7" name="testNg_Programs.NewTest5" time="0.029" errors="0" timestamp="2024-07-25T17:08:19 IST" skipped="0">
  <testcase classname="testNg_Programs.NewTest5" name="beforeClass" time="0.002"/>
  <testcase classname="testNg_Programs.NewTest5" name="logout" time="0.003"/>
  <testcase classname="testNg_Programs.NewTest5" name="search" time="0.003"/>
  <testcase classname="testNg_Programs.NewTest5" name="login" time="0.004"/>
  <testcase classname="testNg_Programs.NewTest5" name="afterTest" time="0.007"/>
  <testcase classname="testNg_Programs.NewTest5" name="beforeTest" time="0.003"/>
  <testcase classname="testNg_Programs.NewTest5" name="advsearch" time="0.007"/>
</testsuite> <!-- testNg_Programs.NewTest5 -->
