<?xml version="1.0" encoding="UTF-8"?>
<!-- Generated by org.testng.reporters.JUnitReportReporter -->
<testsuite hostname="DESKTOP-C4EHALN" failures="0" tests="5" name="testNg_Programs.ParallelMethods" time="0.082" errors="0" timestamp="2024-07-19T22:51:02 IST" skipped="0">
  <testcase classname="testNg_Programs.ParallelMethods" name="m3" time="0.019"/>
  <testcase classname="testNg_Programs.ParallelMethods" name="tc1" time="0.003"/>
  <testcase classname="testNg_Programs.ParallelMethods" name="m3" time="0.020"/>
  <testcase classname="testNg_Programs.ParallelMethods" name="m2" time="0.019"/>
  <testcase classname="testNg_Programs.ParallelMethods" name="m3" time="0.021"/>
</testsuite> <!-- testNg_Programs.ParallelMethods -->
