<?xml version="1.0" encoding="UTF-8"?>
<!-- Generated by org.testng.reporters.JUnitReportReporter -->
<testsuite hostname="DESKTOP-C4EHALN" failures="0" tests="2" name="testngBatchTesting.SearchTest" time="0.009" errors="0" timestamp="2024-07-26T22:37:04 IST" skipped="0">
  <testcase classname="testngBatchTesting.SearchTest" name="logout" time="0.006"/>
  <testcase classname="testngBatchTesting.SearchTest" name="st" time="0.003"/>
</testsuite> <!-- testngBatchTesting.SearchTest -->
