<?xml version="1.0" encoding="UTF-8"?>
<!-- Generated by org.testng.reporters.JUnitReportReporter -->
<testsuite hostname="DESKTOP-C4EHALN" failures="0" tests="7" name="testNg_Programs.NewTest3" time="0.066" errors="0" timestamp="2024-07-25T17:08:19 IST" skipped="0">
  <testcase classname="testNg_Programs.NewTest3" name="beforeClass" time="0.006"/>
  <testcase classname="testNg_Programs.NewTest3" name="login" time="0.007"/>
  <testcase classname="testNg_Programs.NewTest3" name="logout" time="0.005"/>
  <testcase classname="testNg_Programs.NewTest3" name="search" time="0.015"/>
  <testcase classname="testNg_Programs.NewTest3" name="afterTest" time="0.016"/>
  <testcase classname="testNg_Programs.NewTest3" name="beforeTest" time="0.010"/>
  <testcase classname="testNg_Programs.NewTest3" name="advsearch" time="0.007"/>
</testsuite> <!-- testNg_Programs.NewTest3 -->
