<?xml version="1.0" encoding="UTF-8"?>
<!-- Generated by org.testng.reporters.JUnitReportReporter -->
<testsuite hostname="DESKTOP-C4EHALN" failures="0" tests="7" name="testNg_Programs.NewTest6" time="0.020" errors="0" timestamp="2024-07-25T17:08:19 IST" skipped="0">
  <testcase classname="testNg_Programs.NewTest6" name="beforeTest" time="0.002"/>
  <testcase classname="testNg_Programs.NewTest6" name="logout" time="0.002"/>
  <testcase classname="testNg_Programs.NewTest6" name="search" time="0.003"/>
  <testcase classname="testNg_Programs.NewTest6" name="afterTest" time="0.003"/>
  <testcase classname="testNg_Programs.NewTest6" name="login" time="0.003"/>
  <testcase classname="testNg_Programs.NewTest6" name="beforeClass" time="0.005"/>
  <testcase classname="testNg_Programs.NewTest6" name="advsearch" time="0.002"/>
</testsuite> <!-- testNg_Programs.NewTest6 -->
