<?xml version="1.0" encoding="UTF-8"?>
<!-- Generated by org.testng.reporters.JUnitReportReporter -->
<testsuite hostname="DESKTOP-C4EHALN" failures="0" tests="2" name="testNg_Programs.AnnotationsDemo" time="0.025" errors="0" timestamp="2024-08-02T17:04:06 IST" skipped="0">
  <testcase classname="testNg_Programs.AnnotationsDemo" name="testcase1" time="0.019"/>
  <testcase classname="testNg_Programs.AnnotationsDemo" name="testcase2" time="0.006"/>
</testsuite> <!-- testNg_Programs.AnnotationsDemo -->
