<?xml version="1.0" encoding="UTF-8"?>
<!-- Generated by org.testng.reporters.JUnitReportReporter -->
<testsuite hostname="DESKTOP-C4EHALN" failures="0" tests="2" name="testngBatchTesting.LoginTest" time="0.038" errors="0" timestamp="2024-07-26T22:37:04 IST" skipped="0">
  <testcase classname="testngBatchTesting.LoginTest" name="login" time="0.034"/>
  <testcase classname="testngBatchTesting.LoginTest" name="verifyhomepage" time="0.004"/>
</testsuite> <!-- testngBatchTesting.LoginTest -->
