<?xml version="1.0" encoding="UTF-8"?>
<!-- Generated by org.testng.reporters.JUnitReportReporter -->
<testsuite hostname="DESKTOP-C4EHALN" failures="0" tests="7" name="testNg_Programs.NewTest" time="0.064" errors="0" timestamp="2024-07-25T21:46:43 IST" skipped="0">
  <testcase classname="testNg_Programs.NewTest" name="login" time="0.008"/>
  <testcase classname="testNg_Programs.NewTest" name="beforeTest" time="0.005"/>
  <testcase classname="testNg_Programs.NewTest" name="afterTest" time="0.020"/>
  <testcase classname="testNg_Programs.NewTest" name="logout" time="0.007"/>
  <testcase classname="testNg_Programs.NewTest" name="beforeClass" time="0.005"/>
  <testcase classname="testNg_Programs.NewTest" name="search" time="0.007"/>
  <testcase classname="testNg_Programs.NewTest" name="advsearch" time="0.012"/>
</testsuite> <!-- testNg_Programs.NewTest -->
