<?xml version="1.0" encoding="UTF-8"?>
<!-- Generated by org.testng.reporters.JUnitReportReporter -->
<testsuite hostname="DESKTOP-C4EHALN" failures="0" tests="5" name="testNg_Programs.TestClass" time="0.047" errors="0" timestamp="2024-07-19T23:13:02 IST" skipped="0">
  <testcase classname="testNg_Programs.TestClass" name="m2" time="0.002"/>
  <testcase classname="testNg_Programs.TestClass" name="m1" time="0.011"/>
  <testcase classname="testNg_Programs.TestClass" name="m1" time="0.010"/>
  <testcase classname="testNg_Programs.TestClass" name="m2" time="0.004"/>
  <testcase classname="testNg_Programs.TestClass" name="m1" time="0.020"/>
</testsuite> <!-- testNg_Programs.TestClass -->
