<?xml version="1.0" encoding="UTF-8"?>
<!-- Generated by org.testng.reporters.JUnitReportReporter -->
<testsuite hostname="DESKTOP-C4EHALN" failures="0" tests="7" name="testNg_Programs.TestngAttributesTest" time="0.135" errors="0" timestamp="2024-08-02T21:47:34 IST" skipped="0">
  <testcase classname="testNg_Programs.TestngAttributesTest" name="test1" time="0.025"/>
  <testcase classname="testNg_Programs.TestngAttributesTest" name="test1" time="0.035"/>
  <testcase classname="testNg_Programs.TestngAttributesTest" name="test1" time="0.025"/>
  <testcase classname="testNg_Programs.TestngAttributesTest" name="test2" time="0.008"/>
  <testcase classname="testNg_Programs.TestngAttributesTest" name="test3" time="0.011"/>
  <testcase classname="testNg_Programs.TestngAttributesTest" name="test3" time="0.012"/>
  <testcase classname="testNg_Programs.TestngAttributesTest" name="test2" time="0.019"/>
</testsuite> <!-- testNg_Programs.TestngAttributesTest -->
